<?xml version="1.0" encoding="UTF-8"?>
<testsuite xmlns:xsi="http://www.w3.org/2001/XMLSchema-instance" xsi:noNamespaceSchemaLocation="https://maven.apache.org/surefire/maven-surefire-plugin/xsd/surefire-test-report.xsd" name="com.yaxin.product_source.ProductSourceApplicationTests" time="7.991" tests="1" errors="0" skipped="0" failures="0">
  <properties>
    <property name="sun.desktop" value="windows"/>
    <property name="awt.toolkit" value="sun.awt.windows.WToolkit"/>
    <property name="file.encoding.pkg" value="sun.io"/>
    <property name="java.specification.version" value="1.8"/>
    <property name="sun.cpu.isalist" value="amd64"/>
    <property name="sun.jnu.encoding" value="GBK"/>
    <property name="java.class.path" value="D:\program\bms\bms\houduan\product_source\target\test-classes;D:\program\bms\bms\houduan\product_source\target\classes;D:\Meven\apache-maven-3.9.4-bin\repository\org\springframework\boot\spring-boot-starter-web\2.7.17\spring-boot-starter-web-2.7.17.jar;D:\Meven\apache-maven-3.9.4-bin\repository\org\springframework\boot\spring-boot-starter\2.7.17\spring-boot-starter-2.7.17.jar;D:\Meven\apache-maven-3.9.4-bin\repository\org\springframework\boot\spring-boot\2.7.17\spring-boot-2.7.17.jar;D:\Meven\apache-maven-3.9.4-bin\repository\org\springframework\boot\spring-boot-starter-logging\2.7.17\spring-boot-starter-logging-2.7.17.jar;D:\Meven\apache-maven-3.9.4-bin\repository\ch\qos\logback\logback-classic\1.2.12\logback-classic-1.2.12.jar;D:\Meven\apache-maven-3.9.4-bin\repository\ch\qos\logback\logback-core\1.2.12\logback-core-1.2.12.jar;D:\Meven\apache-maven-3.9.4-bin\repository\org\apache\logging\log4j\log4j-to-slf4j\2.17.2\log4j-to-slf4j-2.17.2.jar;D:\Meven\apache-maven-3.9.4-bin\repository\org\apache\logging\log4j\log4j-api\2.17.2\log4j-api-2.17.2.jar;D:\Meven\apache-maven-3.9.4-bin\repository\org\slf4j\jul-to-slf4j\1.7.36\jul-to-slf4j-1.7.36.jar;D:\Meven\apache-maven-3.9.4-bin\repository\jakarta\annotation\jakarta.annotation-api\1.3.5\jakarta.annotation-api-1.3.5.jar;D:\Meven\apache-maven-3.9.4-bin\repository\org\yaml\snakeyaml\1.30\snakeyaml-1.30.jar;D:\Meven\apache-maven-3.9.4-bin\repository\org\springframework\boot\spring-boot-starter-json\2.7.17\spring-boot-starter-json-2.7.17.jar;D:\Meven\apache-maven-3.9.4-bin\repository\com\fasterxml\jackson\datatype\jackson-datatype-jdk8\2.13.5\jackson-datatype-jdk8-2.13.5.jar;D:\Meven\apache-maven-3.9.4-bin\repository\com\fasterxml\jackson\datatype\jackson-datatype-jsr310\2.13.5\jackson-datatype-jsr310-2.13.5.jar;D:\Meven\apache-maven-3.9.4-bin\repository\com\fasterxml\jackson\module\jackson-module-parameter-names\2.13.5\jackson-module-parameter-names-2.13.5.jar;D:\Meven\apache-maven-3.9.4-bin\repository\org\springframework\boot\spring-boot-starter-tomcat\2.7.17\spring-boot-starter-tomcat-2.7.17.jar;D:\Meven\apache-maven-3.9.4-bin\repository\org\apache\tomcat\embed\tomcat-embed-core\9.0.82\tomcat-embed-core-9.0.82.jar;D:\Meven\apache-maven-3.9.4-bin\repository\org\apache\tomcat\embed\tomcat-embed-el\9.0.82\tomcat-embed-el-9.0.82.jar;D:\Meven\apache-maven-3.9.4-bin\repository\org\apache\tomcat\embed\tomcat-embed-websocket\9.0.82\tomcat-embed-websocket-9.0.82.jar;D:\Meven\apache-maven-3.9.4-bin\repository\org\springframework\spring-web\5.3.30\spring-web-5.3.30.jar;D:\Meven\apache-maven-3.9.4-bin\repository\org\springframework\spring-beans\5.3.30\spring-beans-5.3.30.jar;D:\Meven\apache-maven-3.9.4-bin\repository\org\springframework\spring-webmvc\5.3.30\spring-webmvc-5.3.30.jar;D:\Meven\apache-maven-3.9.4-bin\repository\org\springframework\spring-aop\5.3.30\spring-aop-5.3.30.jar;D:\Meven\apache-maven-3.9.4-bin\repository\org\springframework\spring-context\5.3.30\spring-context-5.3.30.jar;D:\Meven\apache-maven-3.9.4-bin\repository\org\springframework\spring-expression\5.3.30\spring-expression-5.3.30.jar;D:\Meven\apache-maven-3.9.4-bin\repository\org\mybatis\spring\boot\mybatis-spring-boot-starter\2.3.1\mybatis-spring-boot-starter-2.3.1.jar;D:\Meven\apache-maven-3.9.4-bin\repository\org\springframework\boot\spring-boot-starter-jdbc\2.7.17\spring-boot-starter-jdbc-2.7.17.jar;D:\Meven\apache-maven-3.9.4-bin\repository\com\zaxxer\HikariCP\4.0.3\HikariCP-4.0.3.jar;D:\Meven\apache-maven-3.9.4-bin\repository\org\springframework\spring-jdbc\5.3.30\spring-jdbc-5.3.30.jar;D:\Meven\apache-maven-3.9.4-bin\repository\org\springframework\spring-tx\5.3.30\spring-tx-5.3.30.jar;D:\Meven\apache-maven-3.9.4-bin\repository\org\mybatis\spring\boot\mybatis-spring-boot-autoconfigure\2.3.1\mybatis-spring-boot-autoconfigure-2.3.1.jar;D:\Meven\apache-maven-3.9.4-bin\repository\org\mybatis\mybatis\3.5.13\mybatis-3.5.13.jar;D:\Meven\apache-maven-3.9.4-bin\repository\org\mybatis\mybatis-spring\2.1.1\mybatis-spring-2.1.1.jar;D:\Meven\apache-maven-3.9.4-bin\repository\com\mysql\mysql-connector-j\8.0.33\mysql-connector-j-8.0.33.jar;D:\Meven\apache-maven-3.9.4-bin\repository\com\alibaba\druid-spring-boot-starter\1.2.18\druid-spring-boot-starter-1.2.18.jar;D:\Meven\apache-maven-3.9.4-bin\repository\com\alibaba\druid\1.2.18\druid-1.2.18.jar;D:\Meven\apache-maven-3.9.4-bin\repository\org\slf4j\slf4j-api\1.7.36\slf4j-api-1.7.36.jar;D:\Meven\apache-maven-3.9.4-bin\repository\org\springframework\boot\spring-boot-autoconfigure\2.7.17\spring-boot-autoconfigure-2.7.17.jar;D:\Meven\apache-maven-3.9.4-bin\repository\org\glassfish\jaxb\jaxb-runtime\2.3.8\jaxb-runtime-2.3.8.jar;D:\Meven\apache-maven-3.9.4-bin\repository\org\glassfish\jaxb\txw2\2.3.8\txw2-2.3.8.jar;D:\Meven\apache-maven-3.9.4-bin\repository\com\sun\istack\istack-commons-runtime\3.0.12\istack-commons-runtime-3.0.12.jar;D:\Meven\apache-maven-3.9.4-bin\repository\com\sun\activation\jakarta.activation\1.2.2\jakarta.activation-1.2.2.jar;D:\Meven\apache-maven-3.9.4-bin\repository\org\projectlombok\lombok\1.18.30\lombok-1.18.30.jar;D:\Meven\apache-maven-3.9.4-bin\repository\com\github\pagehelper\pagehelper-spring-boot-starter\1.4.7\pagehelper-spring-boot-starter-1.4.7.jar;D:\Meven\apache-maven-3.9.4-bin\repository\com\github\pagehelper\pagehelper-spring-boot-autoconfigure\1.4.7\pagehelper-spring-boot-autoconfigure-1.4.7.jar;D:\Meven\apache-maven-3.9.4-bin\repository\com\github\pagehelper\pagehelper\5.3.3\pagehelper-5.3.3.jar;D:\Meven\apache-maven-3.9.4-bin\repository\com\github\jsqlparser\jsqlparser\4.5\jsqlparser-4.5.jar;D:\Meven\apache-maven-3.9.4-bin\repository\com\github\xiaoymin\knife4j-openapi2-spring-boot-starter\4.0.0\knife4j-openapi2-spring-boot-starter-4.0.0.jar;D:\Meven\apache-maven-3.9.4-bin\repository\com\github\xiaoymin\knife4j-core\4.0.0\knife4j-core-4.0.0.jar;D:\Meven\apache-maven-3.9.4-bin\repository\com\github\xiaoymin\knife4j-openapi2-ui\4.0.0\knife4j-openapi2-ui-4.0.0.jar;D:\Meven\apache-maven-3.9.4-bin\repository\org\javassist\javassist\3.25.0-GA\javassist-3.25.0-GA.jar;D:\Meven\apache-maven-3.9.4-bin\repository\io\springfox\springfox-swagger2\2.10.5\springfox-swagger2-2.10.5.jar;D:\Meven\apache-maven-3.9.4-bin\repository\io\springfox\springfox-spi\2.10.5\springfox-spi-2.10.5.jar;D:\Meven\apache-maven-3.9.4-bin\repository\io\springfox\springfox-core\2.10.5\springfox-core-2.10.5.jar;D:\Meven\apache-maven-3.9.4-bin\repository\io\springfox\springfox-schema\2.10.5\springfox-schema-2.10.5.jar;D:\Meven\apache-maven-3.9.4-bin\repository\io\springfox\springfox-swagger-common\2.10.5\springfox-swagger-common-2.10.5.jar;D:\Meven\apache-maven-3.9.4-bin\repository\io\springfox\springfox-spring-web\2.10.5\springfox-spring-web-2.10.5.jar;D:\Meven\apache-maven-3.9.4-bin\repository\io\github\classgraph\classgraph\4.1.7\classgraph-4.1.7.jar;D:\Meven\apache-maven-3.9.4-bin\repository\com\fasterxml\classmate\1.5.1\classmate-1.5.1.jar;D:\Meven\apache-maven-3.9.4-bin\repository\org\springframework\plugin\spring-plugin-core\2.0.0.RELEASE\spring-plugin-core-2.0.0.RELEASE.jar;D:\Meven\apache-maven-3.9.4-bin\repository\org\springframework\plugin\spring-plugin-metadata\2.0.0.RELEASE\spring-plugin-metadata-2.0.0.RELEASE.jar;D:\Meven\apache-maven-3.9.4-bin\repository\org\mapstruct\mapstruct\1.3.1.Final\mapstruct-1.3.1.Final.jar;D:\Meven\apache-maven-3.9.4-bin\repository\io\swagger\swagger-models\1.6.6\swagger-models-1.6.6.jar;D:\Meven\apache-maven-3.9.4-bin\repository\com\fasterxml\jackson\core\jackson-annotations\2.13.5\jackson-annotations-2.13.5.jar;D:\Meven\apache-maven-3.9.4-bin\repository\io\swagger\swagger-annotations\1.6.6\swagger-annotations-1.6.6.jar;D:\Meven\apache-maven-3.9.4-bin\repository\io\springfox\springfox-bean-validators\2.10.5\springfox-bean-validators-2.10.5.jar;D:\Meven\apache-maven-3.9.4-bin\repository\io\springfox\springfox-spring-webmvc\2.10.5\springfox-spring-webmvc-2.10.5.jar;D:\Meven\apache-maven-3.9.4-bin\repository\com\auth0\java-jwt\3.10.3\java-jwt-3.10.3.jar;D:\Meven\apache-maven-3.9.4-bin\repository\com\fasterxml\jackson\core\jackson-databind\2.13.5\jackson-databind-2.13.5.jar;D:\Meven\apache-maven-3.9.4-bin\repository\com\fasterxml\jackson\core\jackson-core\2.13.5\jackson-core-2.13.5.jar;D:\Meven\apache-maven-3.9.4-bin\repository\commons-codec\commons-codec\1.15\commons-codec-1.15.jar;D:\Meven\apache-maven-3.9.4-bin\repository\org\springframework\boot\spring-boot-starter-test\2.7.17\spring-boot-starter-test-2.7.17.jar;D:\Meven\apache-maven-3.9.4-bin\repository\org\springframework\boot\spring-boot-test\2.7.17\spring-boot-test-2.7.17.jar;D:\Meven\apache-maven-3.9.4-bin\repository\org\springframework\boot\spring-boot-test-autoconfigure\2.7.17\spring-boot-test-autoconfigure-2.7.17.jar;D:\Meven\apache-maven-3.9.4-bin\repository\com\jayway\jsonpath\json-path\2.7.0\json-path-2.7.0.jar;D:\Meven\apache-maven-3.9.4-bin\repository\net\minidev\json-smart\2.4.11\json-smart-2.4.11.jar;D:\Meven\apache-maven-3.9.4-bin\repository\net\minidev\accessors-smart\2.4.11\accessors-smart-2.4.11.jar;D:\Meven\apache-maven-3.9.4-bin\repository\org\ow2\asm\asm\9.3\asm-9.3.jar;D:\Meven\apache-maven-3.9.4-bin\repository\jakarta\xml\bind\jakarta.xml.bind-api\2.3.3\jakarta.xml.bind-api-2.3.3.jar;D:\Meven\apache-maven-3.9.4-bin\repository\jakarta\activation\jakarta.activation-api\1.2.2\jakarta.activation-api-1.2.2.jar;D:\Meven\apache-maven-3.9.4-bin\repository\org\assertj\assertj-core\3.22.0\assertj-core-3.22.0.jar;D:\Meven\apache-maven-3.9.4-bin\repository\org\hamcrest\hamcrest\2.2\hamcrest-2.2.jar;D:\Meven\apache-maven-3.9.4-bin\repository\org\junit\jupiter\junit-jupiter\5.8.2\junit-jupiter-5.8.2.jar;D:\Meven\apache-maven-3.9.4-bin\repository\org\junit\jupiter\junit-jupiter-api\5.8.2\junit-jupiter-api-5.8.2.jar;D:\Meven\apache-maven-3.9.4-bin\repository\org\opentest4j\opentest4j\1.2.0\opentest4j-1.2.0.jar;D:\Meven\apache-maven-3.9.4-bin\repository\org\junit\platform\junit-platform-commons\1.8.2\junit-platform-commons-1.8.2.jar;D:\Meven\apache-maven-3.9.4-bin\repository\org\apiguardian\apiguardian-api\1.1.2\apiguardian-api-1.1.2.jar;D:\Meven\apache-maven-3.9.4-bin\repository\org\junit\jupiter\junit-jupiter-params\5.8.2\junit-jupiter-params-5.8.2.jar;D:\Meven\apache-maven-3.9.4-bin\repository\org\junit\jupiter\junit-jupiter-engine\5.8.2\junit-jupiter-engine-5.8.2.jar;D:\Meven\apache-maven-3.9.4-bin\repository\org\junit\platform\junit-platform-engine\1.8.2\junit-platform-engine-1.8.2.jar;D:\Meven\apache-maven-3.9.4-bin\repository\org\mockito\mockito-core\4.5.1\mockito-core-4.5.1.jar;D:\Meven\apache-maven-3.9.4-bin\repository\net\bytebuddy\byte-buddy\1.12.23\byte-buddy-1.12.23.jar;D:\Meven\apache-maven-3.9.4-bin\repository\net\bytebuddy\byte-buddy-agent\1.12.23\byte-buddy-agent-1.12.23.jar;D:\Meven\apache-maven-3.9.4-bin\repository\org\objenesis\objenesis\3.2\objenesis-3.2.jar;D:\Meven\apache-maven-3.9.4-bin\repository\org\mockito\mockito-junit-jupiter\4.5.1\mockito-junit-jupiter-4.5.1.jar;D:\Meven\apache-maven-3.9.4-bin\repository\org\skyscreamer\jsonassert\1.5.1\jsonassert-1.5.1.jar;D:\Meven\apache-maven-3.9.4-bin\repository\com\vaadin\external\google\android-json\0.0.20131108.vaadin1\android-json-0.0.20131108.vaadin1.jar;D:\Meven\apache-maven-3.9.4-bin\repository\org\springframework\spring-core\5.3.30\spring-core-5.3.30.jar;D:\Meven\apache-maven-3.9.4-bin\repository\org\springframework\spring-jcl\5.3.30\spring-jcl-5.3.30.jar;D:\Meven\apache-maven-3.9.4-bin\repository\org\springframework\spring-test\5.3.30\spring-test-5.3.30.jar;D:\Meven\apache-maven-3.9.4-bin\repository\org\xmlunit\xmlunit-core\2.9.1\xmlunit-core-2.9.1.jar;"/>
    <property name="java.vm.vendor" value="Oracle Corporation"/>
    <property name="sun.arch.data.model" value="64"/>
    <property name="user.variant" value=""/>
    <property name="java.vendor.url" value="http://java.oracle.com/"/>
    <property name="user.timezone" value="Asia/Shanghai"/>
    <property name="java.vm.specification.version" value="1.8"/>
    <property name="os.name" value="Windows 10"/>
    <property name="user.country" value="CN"/>
    <property name="sun.java.launcher" value="SUN_STANDARD"/>
    <property name="sun.boot.library.path" value="D:\java\jdk1.8.0_281\jre\bin"/>
    <property name="sun.java.command" value="C:\Users\王雅欣\AppData\Local\Temp\surefire725985399112052994\surefirebooter1679893870410768128.jar C:\Users\王雅欣\AppData\Local\Temp\surefire725985399112052994 2023-10-30T14-32-01_243-jvmRun1 surefire7994745888252708426tmp surefire_05591762388189827320tmp"/>
    <property name="surefire.test.class.path" value="D:\program\bms\bms\houduan\product_source\target\test-classes;D:\program\bms\bms\houduan\product_source\target\classes;D:\Meven\apache-maven-3.9.4-bin\repository\org\springframework\boot\spring-boot-starter-web\2.7.17\spring-boot-starter-web-2.7.17.jar;D:\Meven\apache-maven-3.9.4-bin\repository\org\springframework\boot\spring-boot-starter\2.7.17\spring-boot-starter-2.7.17.jar;D:\Meven\apache-maven-3.9.4-bin\repository\org\springframework\boot\spring-boot\2.7.17\spring-boot-2.7.17.jar;D:\Meven\apache-maven-3.9.4-bin\repository\org\springframework\boot\spring-boot-starter-logging\2.7.17\spring-boot-starter-logging-2.7.17.jar;D:\Meven\apache-maven-3.9.4-bin\repository\ch\qos\logback\logback-classic\1.2.12\logback-classic-1.2.12.jar;D:\Meven\apache-maven-3.9.4-bin\repository\ch\qos\logback\logback-core\1.2.12\logback-core-1.2.12.jar;D:\Meven\apache-maven-3.9.4-bin\repository\org\apache\logging\log4j\log4j-to-slf4j\2.17.2\log4j-to-slf4j-2.17.2.jar;D:\Meven\apache-maven-3.9.4-bin\repository\org\apache\logging\log4j\log4j-api\2.17.2\log4j-api-2.17.2.jar;D:\Meven\apache-maven-3.9.4-bin\repository\org\slf4j\jul-to-slf4j\1.7.36\jul-to-slf4j-1.7.36.jar;D:\Meven\apache-maven-3.9.4-bin\repository\jakarta\annotation\jakarta.annotation-api\1.3.5\jakarta.annotation-api-1.3.5.jar;D:\Meven\apache-maven-3.9.4-bin\repository\org\yaml\snakeyaml\1.30\snakeyaml-1.30.jar;D:\Meven\apache-maven-3.9.4-bin\repository\org\springframework\boot\spring-boot-starter-json\2.7.17\spring-boot-starter-json-2.7.17.jar;D:\Meven\apache-maven-3.9.4-bin\repository\com\fasterxml\jackson\datatype\jackson-datatype-jdk8\2.13.5\jackson-datatype-jdk8-2.13.5.jar;D:\Meven\apache-maven-3.9.4-bin\repository\com\fasterxml\jackson\datatype\jackson-datatype-jsr310\2.13.5\jackson-datatype-jsr310-2.13.5.jar;D:\Meven\apache-maven-3.9.4-bin\repository\com\fasterxml\jackson\module\jackson-module-parameter-names\2.13.5\jackson-module-parameter-names-2.13.5.jar;D:\Meven\apache-maven-3.9.4-bin\repository\org\springframework\boot\spring-boot-starter-tomcat\2.7.17\spring-boot-starter-tomcat-2.7.17.jar;D:\Meven\apache-maven-3.9.4-bin\repository\org\apache\tomcat\embed\tomcat-embed-core\9.0.82\tomcat-embed-core-9.0.82.jar;D:\Meven\apache-maven-3.9.4-bin\repository\org\apache\tomcat\embed\tomcat-embed-el\9.0.82\tomcat-embed-el-9.0.82.jar;D:\Meven\apache-maven-3.9.4-bin\repository\org\apache\tomcat\embed\tomcat-embed-websocket\9.0.82\tomcat-embed-websocket-9.0.82.jar;D:\Meven\apache-maven-3.9.4-bin\repository\org\springframework\spring-web\5.3.30\spring-web-5.3.30.jar;D:\Meven\apache-maven-3.9.4-bin\repository\org\springframework\spring-beans\5.3.30\spring-beans-5.3.30.jar;D:\Meven\apache-maven-3.9.4-bin\repository\org\springframework\spring-webmvc\5.3.30\spring-webmvc-5.3.30.jar;D:\Meven\apache-maven-3.9.4-bin\repository\org\springframework\spring-aop\5.3.30\spring-aop-5.3.30.jar;D:\Meven\apache-maven-3.9.4-bin\repository\org\springframework\spring-context\5.3.30\spring-context-5.3.30.jar;D:\Meven\apache-maven-3.9.4-bin\repository\org\springframework\spring-expression\5.3.30\spring-expression-5.3.30.jar;D:\Meven\apache-maven-3.9.4-bin\repository\org\mybatis\spring\boot\mybatis-spring-boot-starter\2.3.1\mybatis-spring-boot-starter-2.3.1.jar;D:\Meven\apache-maven-3.9.4-bin\repository\org\springframework\boot\spring-boot-starter-jdbc\2.7.17\spring-boot-starter-jdbc-2.7.17.jar;D:\Meven\apache-maven-3.9.4-bin\repository\com\zaxxer\HikariCP\4.0.3\HikariCP-4.0.3.jar;D:\Meven\apache-maven-3.9.4-bin\repository\org\springframework\spring-jdbc\5.3.30\spring-jdbc-5.3.30.jar;D:\Meven\apache-maven-3.9.4-bin\repository\org\springframework\spring-tx\5.3.30\spring-tx-5.3.30.jar;D:\Meven\apache-maven-3.9.4-bin\repository\org\mybatis\spring\boot\mybatis-spring-boot-autoconfigure\2.3.1\mybatis-spring-boot-autoconfigure-2.3.1.jar;D:\Meven\apache-maven-3.9.4-bin\repository\org\mybatis\mybatis\3.5.13\mybatis-3.5.13.jar;D:\Meven\apache-maven-3.9.4-bin\repository\org\mybatis\mybatis-spring\2.1.1\mybatis-spring-2.1.1.jar;D:\Meven\apache-maven-3.9.4-bin\repository\com\mysql\mysql-connector-j\8.0.33\mysql-connector-j-8.0.33.jar;D:\Meven\apache-maven-3.9.4-bin\repository\com\alibaba\druid-spring-boot-starter\1.2.18\druid-spring-boot-starter-1.2.18.jar;D:\Meven\apache-maven-3.9.4-bin\repository\com\alibaba\druid\1.2.18\druid-1.2.18.jar;D:\Meven\apache-maven-3.9.4-bin\repository\org\slf4j\slf4j-api\1.7.36\slf4j-api-1.7.36.jar;D:\Meven\apache-maven-3.9.4-bin\repository\org\springframework\boot\spring-boot-autoconfigure\2.7.17\spring-boot-autoconfigure-2.7.17.jar;D:\Meven\apache-maven-3.9.4-bin\repository\org\glassfish\jaxb\jaxb-runtime\2.3.8\jaxb-runtime-2.3.8.jar;D:\Meven\apache-maven-3.9.4-bin\repository\org\glassfish\jaxb\txw2\2.3.8\txw2-2.3.8.jar;D:\Meven\apache-maven-3.9.4-bin\repository\com\sun\istack\istack-commons-runtime\3.0.12\istack-commons-runtime-3.0.12.jar;D:\Meven\apache-maven-3.9.4-bin\repository\com\sun\activation\jakarta.activation\1.2.2\jakarta.activation-1.2.2.jar;D:\Meven\apache-maven-3.9.4-bin\repository\org\projectlombok\lombok\1.18.30\lombok-1.18.30.jar;D:\Meven\apache-maven-3.9.4-bin\repository\com\github\pagehelper\pagehelper-spring-boot-starter\1.4.7\pagehelper-spring-boot-starter-1.4.7.jar;D:\Meven\apache-maven-3.9.4-bin\repository\com\github\pagehelper\pagehelper-spring-boot-autoconfigure\1.4.7\pagehelper-spring-boot-autoconfigure-1.4.7.jar;D:\Meven\apache-maven-3.9.4-bin\repository\com\github\pagehelper\pagehelper\5.3.3\pagehelper-5.3.3.jar;D:\Meven\apache-maven-3.9.4-bin\repository\com\github\jsqlparser\jsqlparser\4.5\jsqlparser-4.5.jar;D:\Meven\apache-maven-3.9.4-bin\repository\com\github\xiaoymin\knife4j-openapi2-spring-boot-starter\4.0.0\knife4j-openapi2-spring-boot-starter-4.0.0.jar;D:\Meven\apache-maven-3.9.4-bin\repository\com\github\xiaoymin\knife4j-core\4.0.0\knife4j-core-4.0.0.jar;D:\Meven\apache-maven-3.9.4-bin\repository\com\github\xiaoymin\knife4j-openapi2-ui\4.0.0\knife4j-openapi2-ui-4.0.0.jar;D:\Meven\apache-maven-3.9.4-bin\repository\org\javassist\javassist\3.25.0-GA\javassist-3.25.0-GA.jar;D:\Meven\apache-maven-3.9.4-bin\repository\io\springfox\springfox-swagger2\2.10.5\springfox-swagger2-2.10.5.jar;D:\Meven\apache-maven-3.9.4-bin\repository\io\springfox\springfox-spi\2.10.5\springfox-spi-2.10.5.jar;D:\Meven\apache-maven-3.9.4-bin\repository\io\springfox\springfox-core\2.10.5\springfox-core-2.10.5.jar;D:\Meven\apache-maven-3.9.4-bin\repository\io\springfox\springfox-schema\2.10.5\springfox-schema-2.10.5.jar;D:\Meven\apache-maven-3.9.4-bin\repository\io\springfox\springfox-swagger-common\2.10.5\springfox-swagger-common-2.10.5.jar;D:\Meven\apache-maven-3.9.4-bin\repository\io\springfox\springfox-spring-web\2.10.5\springfox-spring-web-2.10.5.jar;D:\Meven\apache-maven-3.9.4-bin\repository\io\github\classgraph\classgraph\4.1.7\classgraph-4.1.7.jar;D:\Meven\apache-maven-3.9.4-bin\repository\com\fasterxml\classmate\1.5.1\classmate-1.5.1.jar;D:\Meven\apache-maven-3.9.4-bin\repository\org\springframework\plugin\spring-plugin-core\2.0.0.RELEASE\spring-plugin-core-2.0.0.RELEASE.jar;D:\Meven\apache-maven-3.9.4-bin\repository\org\springframework\plugin\spring-plugin-metadata\2.0.0.RELEASE\spring-plugin-metadata-2.0.0.RELEASE.jar;D:\Meven\apache-maven-3.9.4-bin\repository\org\mapstruct\mapstruct\1.3.1.Final\mapstruct-1.3.1.Final.jar;D:\Meven\apache-maven-3.9.4-bin\repository\io\swagger\swagger-models\1.6.6\swagger-models-1.6.6.jar;D:\Meven\apache-maven-3.9.4-bin\repository\com\fasterxml\jackson\core\jackson-annotations\2.13.5\jackson-annotations-2.13.5.jar;D:\Meven\apache-maven-3.9.4-bin\repository\io\swagger\swagger-annotations\1.6.6\swagger-annotations-1.6.6.jar;D:\Meven\apache-maven-3.9.4-bin\repository\io\springfox\springfox-bean-validators\2.10.5\springfox-bean-validators-2.10.5.jar;D:\Meven\apache-maven-3.9.4-bin\repository\io\springfox\springfox-spring-webmvc\2.10.5\springfox-spring-webmvc-2.10.5.jar;D:\Meven\apache-maven-3.9.4-bin\repository\com\auth0\java-jwt\3.10.3\java-jwt-3.10.3.jar;D:\Meven\apache-maven-3.9.4-bin\repository\com\fasterxml\jackson\core\jackson-databind\2.13.5\jackson-databind-2.13.5.jar;D:\Meven\apache-maven-3.9.4-bin\repository\com\fasterxml\jackson\core\jackson-core\2.13.5\jackson-core-2.13.5.jar;D:\Meven\apache-maven-3.9.4-bin\repository\commons-codec\commons-codec\1.15\commons-codec-1.15.jar;D:\Meven\apache-maven-3.9.4-bin\repository\org\springframework\boot\spring-boot-starter-test\2.7.17\spring-boot-starter-test-2.7.17.jar;D:\Meven\apache-maven-3.9.4-bin\repository\org\springframework\boot\spring-boot-test\2.7.17\spring-boot-test-2.7.17.jar;D:\Meven\apache-maven-3.9.4-bin\repository\org\springframework\boot\spring-boot-test-autoconfigure\2.7.17\spring-boot-test-autoconfigure-2.7.17.jar;D:\Meven\apache-maven-3.9.4-bin\repository\com\jayway\jsonpath\json-path\2.7.0\json-path-2.7.0.jar;D:\Meven\apache-maven-3.9.4-bin\repository\net\minidev\json-smart\2.4.11\json-smart-2.4.11.jar;D:\Meven\apache-maven-3.9.4-bin\repository\net\minidev\accessors-smart\2.4.11\accessors-smart-2.4.11.jar;D:\Meven\apache-maven-3.9.4-bin\repository\org\ow2\asm\asm\9.3\asm-9.3.jar;D:\Meven\apache-maven-3.9.4-bin\repository\jakarta\xml\bind\jakarta.xml.bind-api\2.3.3\jakarta.xml.bind-api-2.3.3.jar;D:\Meven\apache-maven-3.9.4-bin\repository\jakarta\activation\jakarta.activation-api\1.2.2\jakarta.activation-api-1.2.2.jar;D:\Meven\apache-maven-3.9.4-bin\repository\org\assertj\assertj-core\3.22.0\assertj-core-3.22.0.jar;D:\Meven\apache-maven-3.9.4-bin\repository\org\hamcrest\hamcrest\2.2\hamcrest-2.2.jar;D:\Meven\apache-maven-3.9.4-bin\repository\org\junit\jupiter\junit-jupiter\5.8.2\junit-jupiter-5.8.2.jar;D:\Meven\apache-maven-3.9.4-bin\repository\org\junit\jupiter\junit-jupiter-api\5.8.2\junit-jupiter-api-5.8.2.jar;D:\Meven\apache-maven-3.9.4-bin\repository\org\opentest4j\opentest4j\1.2.0\opentest4j-1.2.0.jar;D:\Meven\apache-maven-3.9.4-bin\repository\org\junit\platform\junit-platform-commons\1.8.2\junit-platform-commons-1.8.2.jar;D:\Meven\apache-maven-3.9.4-bin\repository\org\apiguardian\apiguardian-api\1.1.2\apiguardian-api-1.1.2.jar;D:\Meven\apache-maven-3.9.4-bin\repository\org\junit\jupiter\junit-jupiter-params\5.8.2\junit-jupiter-params-5.8.2.jar;D:\Meven\apache-maven-3.9.4-bin\repository\org\junit\jupiter\junit-jupiter-engine\5.8.2\junit-jupiter-engine-5.8.2.jar;D:\Meven\apache-maven-3.9.4-bin\repository\org\junit\platform\junit-platform-engine\1.8.2\junit-platform-engine-1.8.2.jar;D:\Meven\apache-maven-3.9.4-bin\repository\org\mockito\mockito-core\4.5.1\mockito-core-4.5.1.jar;D:\Meven\apache-maven-3.9.4-bin\repository\net\bytebuddy\byte-buddy\1.12.23\byte-buddy-1.12.23.jar;D:\Meven\apache-maven-3.9.4-bin\repository\net\bytebuddy\byte-buddy-agent\1.12.23\byte-buddy-agent-1.12.23.jar;D:\Meven\apache-maven-3.9.4-bin\repository\org\objenesis\objenesis\3.2\objenesis-3.2.jar;D:\Meven\apache-maven-3.9.4-bin\repository\org\mockito\mockito-junit-jupiter\4.5.1\mockito-junit-jupiter-4.5.1.jar;D:\Meven\apache-maven-3.9.4-bin\repository\org\skyscreamer\jsonassert\1.5.1\jsonassert-1.5.1.jar;D:\Meven\apache-maven-3.9.4-bin\repository\com\vaadin\external\google\android-json\0.0.20131108.vaadin1\android-json-0.0.20131108.vaadin1.jar;D:\Meven\apache-maven-3.9.4-bin\repository\org\springframework\spring-core\5.3.30\spring-core-5.3.30.jar;D:\Meven\apache-maven-3.9.4-bin\repository\org\springframework\spring-jcl\5.3.30\spring-jcl-5.3.30.jar;D:\Meven\apache-maven-3.9.4-bin\repository\org\springframework\spring-test\5.3.30\spring-test-5.3.30.jar;D:\Meven\apache-maven-3.9.4-bin\repository\org\xmlunit\xmlunit-core\2.9.1\xmlunit-core-2.9.1.jar;"/>
    <property name="sun.cpu.endian" value="little"/>
    <property name="user.home" value="C:\Users\王雅欣"/>
    <property name="user.language" value="zh"/>
    <property name="java.specification.vendor" value="Oracle Corporation"/>
    <property name="java.home" value="D:\java\jdk1.8.0_281\jre"/>
    <property name="basedir" value="D:\program\bms\bms\houduan\product_source"/>
    <property name="file.separator" value="\"/>
    <property name="line.separator" value="&#10;"/>
    <property name="java.vm.specification.vendor" value="Oracle Corporation"/>
    <property name="java.specification.name" value="Java Platform API Specification"/>
    <property name="java.awt.graphicsenv" value="sun.awt.Win32GraphicsEnvironment"/>
    <property name="surefire.real.class.path" value="C:\Users\王雅欣\AppData\Local\Temp\surefire725985399112052994\surefirebooter1679893870410768128.jar"/>
    <property name="sun.boot.class.path" value="D:\java\jdk1.8.0_281\jre\lib\resources.jar;D:\java\jdk1.8.0_281\jre\lib\rt.jar;D:\java\jdk1.8.0_281\jre\lib\sunrsasign.jar;D:\java\jdk1.8.0_281\jre\lib\jsse.jar;D:\java\jdk1.8.0_281\jre\lib\jce.jar;D:\java\jdk1.8.0_281\jre\lib\charsets.jar;D:\java\jdk1.8.0_281\jre\lib\jfr.jar;D:\java\jdk1.8.0_281\jre\classes"/>
    <property name="user.script" value=""/>
    <property name="sun.management.compiler" value="HotSpot 64-Bit Tiered Compilers"/>
    <property name="java.runtime.version" value="1.8.0_281-b09"/>
    <property name="user.name" value="王雅欣"/>
    <property name="path.separator" value=";"/>
    <property name="os.version" value="10.0"/>
    <property name="java.endorsed.dirs" value="D:\java\jdk1.8.0_281\jre\lib\endorsed"/>
    <property name="java.runtime.name" value="Java(TM) SE Runtime Environment"/>
    <property name="file.encoding" value="GBK"/>
    <property name="java.vm.name" value="Java HotSpot(TM) 64-Bit Server VM"/>
    <property name="localRepository" value="D:\Meven\apache-maven-3.9.4-bin\repository"/>
    <property name="java.vendor.url.bug" value="http://bugreport.sun.com/bugreport/"/>
    <property name="java.io.tmpdir" value="C:\Users\王雅欣\AppData\Local\Temp\"/>
    <property name="idea.version" value="2023.2"/>
    <property name="java.version" value="1.8.0_281"/>
    <property name="user.dir" value="D:\program\bms\bms\houduan\product_source"/>
    <property name="os.arch" value="amd64"/>
    <property name="java.vm.specification.name" value="Java Virtual Machine Specification"/>
    <property name="java.awt.printerjob" value="sun.awt.windows.WPrinterJob"/>
    <property name="sun.os.patch.level" value=""/>
    <property name="java.library.path" value="D:\java\jdk1.8.0_281\jre\bin;C:\WINDOWS\Sun\Java\bin;C:\WINDOWS\system32;C:\WINDOWS;C:\Program Files\Java\jdk-17.0.4.1\bin;D:\java\jdk1.8.0_281\bin;C:\Program Files\Java\jdk-17.0.4.1\bin;D:\VMware\bin\;C:\Program Files\Java\jdk-17.0.4.1\bin;C:\Windows\system32;C:\Windows;C:\Windows\System32\Wbem;C:\Windows\System32\WindowsPowerShell\v1.0\;C:\Windows\System32\OpenSSH\;C:\Program Files\Microsoft SQL Server\150\Tools\Binn\;C:\Program Files\Microsoft SQL Server\Client SDK\ODBC\170\Tools\Binn\;C:\Program Files\dotnet\;D:\tomcat\apache-tomcat-9.0.75\bin;C:\Program Files\MySQL\MySQL Server 5.6\bin;D:\AndroidStudiosdk\platform-tools;C:\WINDOWS\system32;C:\WINDOWS;C:\WINDOWS\System32\Wbem;C:\WINDOWS\System32\WindowsPowerShell\v1.0\;C:\WINDOWS\System32\OpenSSH\;D:\MySQL\mysql-8.0.31-winx64\mysql-8.0.31-winx64\bin;D:\SVN\bin;D:\SVN\VisualSVN_Service\bin;D:\Meven\apache-maven-3.9.4-bin\apache-maven-3.9.4\bin;D:\git\Git\cmd;D:\nvm\nvm\nvm;D:\nvm\nodejs;D:\nvm\node\node_global;D:\nvm\node\node_global;C:\Users\王雅欣\AppData\Local\Microsoft\WindowsApps;C:\Users\王雅欣\AppData\Local\Programs\Microsoft VS Code\bin;C:\Users\王雅欣\.dotnet\tools;C:\Program Files\JetBrains\IntelliJ IDEA 2023.2\bin;;C:\Users\王雅欣\AppData\Roaming\npm;D:\nvm\nvm\nvm;D:\nvm\nodejs;."/>
    <property name="java.vm.info" value="mixed mode"/>
    <property name="java.vendor" value="Oracle Corporation"/>
    <property name="java.vm.version" value="25.281-b09"/>
    <property name="java.ext.dirs" value="D:\java\jdk1.8.0_281\jre\lib\ext;C:\WINDOWS\Sun\Java\lib\ext"/>
    <property name="sun.io.unicode.encoding" value="UnicodeLittle"/>
    <property name="maven.repo.local" value="D:\Meven\apache-maven-3.9.4-bin\repository"/>
    <property name="java.class.version" value="52.0"/>
  </properties>
  <testcase name="contextLoads" classname="com.yaxin.product_source.ProductSourceApplicationTests" time="0.359"/>
</testsuite>